
LEAST-SQUARE METHODS TO ESTIMATE RATES AND DATES - v.1.10 


Input files:
  i                                               Input tree file : /home/azhukova/projects/bde/ebola/SLE/tree.nwk
  d                                               Input date file : /home/azhukova/projects/bde/ebola/SLE/lsd2.dates
  p                                                Partition file : No
  g                                               Given outgroups : No
Output file:
  o                                                  Output file  : /home/azhukova/projects/bde/ebola/SLE/timetree.wd
Parameters:
  a                                                     Root date : No
  z                                                     Tips date : No
  c                                              With constraints : Yes
  t                                      Lower bound for the rate : 1e-10
  v                                                With variances : Yes, use variances based on input branch lengths
  b                              Adjusted parameter for variances : To estimate
  r                                             Estimate the root : Use fast method to search on all branches
  w                                       Given substitution rate : No
  n                                             Multiple data set : No
  f                                  Compute confidence intervals : Yes, sampling 1000 times
  q                  Standard deviation of lognormal relaxed clock: 0.2 (for computing confidence intervals)
  s                                               Sequence length : 18996
  e                                          Exclude outlier tips : Yes, detect and exclude outliers from the analysis
  m                   Number of sampling nodes to detect outliers : 500
  e                       The Zscore threshold to detect outliers : 3
  u                Min internal branch length of time scaled tree : 0.0001
  U                Min external branch length of time scaled tree : 0
  l                        Collapsed internal branch length limit : 2.63213e-05
  D                                            Output date format : Based on input date format
  E  Estimate rates for external and internal branches separately : No

  h to print Help 
  y to accept or type a letter to change an option (x = Exit) 
Tree 1 
Parameter to adjust variances was set to 0.00282501 (settable via option -b)
Minimum branch length of time scaled tree (settable via option -u and -U): 0.0001
*WARNINGS:
- 66.6459% internal branches were collapsed.
*RESULTS:
- The input dates associated with the following 27 nodes are considered as
 outliers, so the nodes were excluded from the analysis:
 1418 453 450 1348 1407 436 819 27 271 308 170 485 235 430 435 319 851 349 738 123 681 1559 132 99 667 1327 1171
- Dating results:
 rate 0.0194733, tMRCA 2013.67 , objective function 2.55489
- Results with confidence intervals:
 rate 0.0194733 [0.0188835; 0.019941], tMRCA 2013.67 [2013.53; 2013.77], objective function 2.55489

*********************************************************

TOTAL ELAPSED TIME: 170.61 seconds
