
LEAST-SQUARE METHODS TO ESTIMATE RATES AND DATES - v.1.10 


Input files:
  i                                               Input tree file : /home/azhukova/projects/bde/ebola/SLE/rooted.tree.5.nwk
  d                                               Input date file : /home/azhukova/projects/bde/ebola/SLE/lsd2.dates
  p                                                Partition file : No
  g                                               Given outgroups : No
Output file:
  o                                                  Output file  : /home/azhukova/projects/bde/ebola/SLE/timetree.5.wd
Parameters:
  a                                                     Root date : No
  z                                                     Tips date : No
  c                                              With constraints : Yes
  t                                      Lower bound for the rate : 1e-10
  v                                                With variances : Yes, use variances based on input branch lengths
  b                              Adjusted parameter for variances : To estimate
  r                                             Estimate the root : No
  w                                       Given substitution rate : No
  n                                             Multiple data set : No
  f                                  Compute confidence intervals : Yes, sampling 1000 times
  q                  Standard deviation of lognormal relaxed clock: 0.2 (for computing confidence intervals)
  s                                               Sequence length : 18996
  e                                          Exclude outlier tips : Yes, detect and exclude outliers from the analysis
  m                   Number of sampling nodes to detect outliers : 500
  e                       The Zscore threshold to detect outliers : 3
  u                Min internal branch length of time scaled tree : 0.0001
  U                Min external branch length of time scaled tree : 0
  l                        Collapsed internal branch length limit : 0
  D                                            Output date format : Based on input date format
  E  Estimate rates for external and internal branches separately : No

  h to print Help 
  y to accept or type a letter to change an option (x = Exit) 
Tree 1 
Parameter to adjust variances was set to 0.000526427 (settable via option -b)
Minimum branch length of time scaled tree (settable via option -u and -U): 0.0001
*RESULTS:
- The input dates associated with the following 40 nodes are considered as
 outliers, so those nodes were removed from the analysis:
 235 180 1429 170 485 510 766 27 915 319 874 851 1418 975 450 647 1348 1407 1171 1327 1145 667 99 169 252 188 233 62 1559 123 1283 436 349 365 532 504 738 819 271 435
- Dating results:
 rate 0.016313, tMRCA 2013.33 , objective function 4.07955
- Results with confidence intervals:
 rate 0.016313 [0.0159105; 0.0167612], tMRCA 2013.33 [2013.13; 2013.5], objective function 4.07955

*********************************************************

TOTAL ELAPSED TIME: 361.418 seconds
