
LEAST-SQUARE METHODS TO ESTIMATE RATES AND DATES - v.1.10 


Input files:
  i                                               Input tree file : /home/azhukova/projects/bde/ebola/SLE/rooted.tree.9.nwk
  d                                               Input date file : /home/azhukova/projects/bde/ebola/SLE/lsd2.dates
  p                                                Partition file : No
  g                                               Given outgroups : No
Output file:
  o                                                  Output file  : /home/azhukova/projects/bde/ebola/SLE/timetree.9.wd
Parameters:
  a                                                     Root date : No
  z                                                     Tips date : No
  c                                              With constraints : Yes
  t                                      Lower bound for the rate : 1e-10
  v                                                With variances : Yes, use variances based on input branch lengths
  b                              Adjusted parameter for variances : To estimate
  r                                             Estimate the root : No
  w                                       Given substitution rate : No
  n                                             Multiple data set : No
  f                                  Compute confidence intervals : Yes, sampling 1000 times
  q                  Standard deviation of lognormal relaxed clock: 0.2 (for computing confidence intervals)
  s                                               Sequence length : 18996
  e                                          Exclude outlier tips : Yes, detect and exclude outliers from the analysis
  m                   Number of sampling nodes to detect outliers : 500
  e                       The Zscore threshold to detect outliers : 3
  u                Min internal branch length of time scaled tree : 0.0001
  U                Min external branch length of time scaled tree : 0
  l                        Collapsed internal branch length limit : 0
  D                                            Output date format : Based on input date format
  E  Estimate rates for external and internal branches separately : No

  h to print Help 
  y to accept or type a letter to change an option (x = Exit) 
Tree 1 
Parameter to adjust variances was set to 0.000526427 (settable via option -b)
Minimum branch length of time scaled tree (settable via option -u and -U): 0.0001
*RESULTS:
- The input dates associated with the following 36 nodes are considered as
 outliers, so those nodes were removed from the analysis:
 180 170 235 485 510 308 435 819 436 132 1559 540 62 123 1283 1418 929 450 233 188 140 1451 1171 667 1327 99 1407 567 1348 483 349 365 738 27 319 766
- Dating results:
 rate 0.0160119, tMRCA 2013.32 , objective function 4.05115
- Results with confidence intervals:
 rate 0.0160119 [0.0156229; 0.0164191], tMRCA 2013.32 [2013.09; 2013.48], objective function 4.05115

*********************************************************

TOTAL ELAPSED TIME: 325.629 seconds
