
RAxML-NG v. 1.0.2-master released on 22.02.2021 by The Exelixis Lab.
Developed by: Alexey M. Kozlov and Alexandros Stamatakis.
Contributors: Diego Darriba, Tomas Flouri, Benoit Morel, Sarah Lutteropp, Ben Bettisworth.
Latest version: https://github.com/amkozlov/raxml-ng
Questions/problems/suggestions? Please visit: https://groups.google.com/forum/#!forum/raxml

System: AMD EPYC 7552 48-Core Processor, 96 cores, 503 GB RAM

RAxML-NG was called at 16-Jul-2021 09:41:27 as follows:

raxml-ng --model GTR+G4+FO+IO --msa /pasteur/zeus/projets/p01/Evolbioinfo/users/azhukova/projects/bdei/ebola/Makona/aln.ids.fa --msa-format FASTA --data-type DNA --seed 239 --threads 12 --force --tree pars{1} --blmin 1e-10 --precision 16 --simd avx2

Analysis options:
  run mode: ML tree search
  start tree(s): parsimony (1)
  random seed: 239
  tip-inner: OFF
  pattern compression: ON
  per-rate scalers: OFF
  site repeats: ON
  fast spr radius: AUTO
  spr subtree cutoff: 1.000000
  branch lengths: proportional (ML estimate, algorithm: NR-FAST)
  SIMD kernels: AVX2
  parallelization: coarse-grained (auto), PTHREADS (12 threads), thread pinning: OFF

WARNING: Running in FORCE mode: all safety checks are disabled!

[00:00:00] Reading alignment from file: /pasteur/zeus/projets/p01/Evolbioinfo/users/azhukova/projects/bdei/ebola/Makona/aln.ids.fa
[00:00:00] Loaded alignment with 1610 taxa and 18996 sites

Alignment comprises 1 partitions and 7919 patterns

Partition 0: noname
Model: GTR+FO+I+G4m
Alignment sites / patterns: 18996 / 7919
Gaps: 1.62 %
Invariant sites: 87.94 %


NOTE: Binary MSA file created: /pasteur/zeus/projets/p01/Evolbioinfo/users/azhukova/projects/bdei/ebola/Makona/aln.ids.fa.raxml.rba

Parallelization scheme autoconfig: 1 worker(s) x 12 thread(s)

Parallel reduction/worker buffer size: 1 KB  / 0 KB

[00:00:00] Generating 1 parsimony starting tree(s) with 1610 taxa
[00:00:25] Data distribution: max. partitions/sites/weight per thread: 1 / 660 / 10560
[00:00:25] Data distribution: max. searches per worker: 1

Starting ML tree search with 1 distinct starting trees

[00:00:25 -233238.6354786191368476] Initial branch length optimization
[00:00:58 -80538.0696148349961732] Model parameter optimization (eps = 10.0000000000000000)
[00:01:42 -58297.1876156876533059] AUTODETECT spr round 1 (radius: 5)
[00:03:15 -58246.8325393287450424] AUTODETECT spr round 2 (radius: 10)
[00:04:52 -58215.8441923738282640] AUTODETECT spr round 3 (radius: 15)
[00:06:41 -58213.7984028734208550] AUTODETECT spr round 4 (radius: 20)
[00:08:45 -58209.9028615519855521] AUTODETECT spr round 5 (radius: 25)
[00:11:05 -58209.9028615510833333] SPR radius for FAST iterations: 20 (autodetect)
[00:11:05 -58209.9028615510833333] Model parameter optimization (eps = 3.0000000000000000)
[00:11:09 -58209.8444660339373513] FAST spr round 1 (radius: 20)
[00:13:31 -58186.6891007365775295] FAST spr round 2 (radius: 20)
[00:15:28 -58186.6890973067056620] Model parameter optimization (eps = 1.0000000000000000)
[00:15:30 -58186.6806021765296464] SLOW spr round 1 (radius: 5)
[00:17:58 -58180.5386228067945922] SLOW spr round 2 (radius: 5)
[00:20:13 -58180.0708553996810224] SLOW spr round 3 (radius: 5)
[00:22:20 -58180.0708549641931313] SLOW spr round 4 (radius: 10)
[00:24:22 -58179.8391480532445712] SLOW spr round 5 (radius: 5)
[00:26:36 -58179.8391479621350300] SLOW spr round 6 (radius: 10)
[00:28:52 -58179.8391478711128002] SLOW spr round 7 (radius: 15)
[00:31:38 -58179.6580851043690927] SLOW spr round 8 (radius: 5)
[00:34:21 -58179.6580850134705543] SLOW spr round 9 (radius: 10)
[00:36:53 -58179.6580849226593273] SLOW spr round 10 (radius: 15)
[00:39:56 -58179.6580848319063080] SLOW spr round 11 (radius: 20)
[00:44:04 -58179.6580847412187723] SLOW spr round 12 (radius: 25)
[00:49:19 -58179.6335560308289132] Model parameter optimization (eps = 0.1000000000000000)

[00:55:22] ML tree search #1, logLikelihood: -57133.3217683887269231


Optimized model parameters:

   Partition 0: noname
   Rate heterogeneity: GAMMA (4 cats, mean),  alpha: 0.0776817870588251 (ML),  weights&rates: (0.2500000000000000,0.0000000098455651) (0.2500000000000000,0.0001477156807123) (0.2500000000000000,0.0411056061708808) (0.2500000000000000,3.9587466683028421) 
   P-inv (ML): 0.7019076992734387
   Base frequencies (ML): 0.3153532788465790 0.2167524460266107 0.2013039274116389 0.2665903477151714 
   Substitution rates (ML): 0.9817877253555080 7.2363048842593667 0.5946996350058874 0.3363227199502702 8.2871910204718535 1.0000000000000000 


Final LogLikelihood: -57133.3217683887269231

AIC score: 120720.6435367774538463 / AICc score: 122041.8962003999768058 / BIC score: 146058.9949678793491330
Free parameters (model + branch lengths): 3227

WARNING: Best ML tree contains 1066 near-zero branches!

Best ML tree with collapsed near-zero branches saved to: /pasteur/zeus/projets/p01/Evolbioinfo/users/azhukova/projects/bdei/ebola/Makona/aln.ids.fa.raxml.bestTreeCollapsed
Best ML tree saved to: /pasteur/zeus/projets/p01/Evolbioinfo/users/azhukova/projects/bdei/ebola/Makona/aln.ids.fa.raxml.bestTree
Optimized model saved to: /pasteur/zeus/projets/p01/Evolbioinfo/users/azhukova/projects/bdei/ebola/Makona/aln.ids.fa.raxml.bestModel

Execution log saved to: /pasteur/zeus/projets/p01/Evolbioinfo/users/azhukova/projects/bdei/ebola/Makona/aln.ids.fa.raxml.log

Analysis started: 16-Jul-2021 09:41:27 / finished: 16-Jul-2021 10:36:50

Elapsed time: 3322.990 seconds

